<?xml version="1.0" encoding="UTF-8"?>
<!-- Generated by org.testng.reporters.JUnitReportReporter -->
<testsuite hostname="Mac-LeapLap574.local" failures="0" tests="1" name="login.BaseTest" time="27.407" errors="0" timestamp="2022-04-26T16:53:11 IST" skipped="0">
  <testcase classname="login.BaseTest" name="navigationLogin" time="27.407"/>
  <system-out/>
</testsuite> <!-- login.BaseTest -->
